<?xml version="1.0" encoding="UTF-8"?>
<Site BuildName="Win32-make"
	BuildStamp="20240523-1900-Experimental"
	Name="DESKTOP-5GFQ398"
	Generator="ctest-3.29.3"
	CompilerName="D:/MinGW/bin/g++.exe"
	CompilerVersion="11.2.0"
	OSName="Windows"
	Hostname="DESKTOP-5GFQ398"
	OSRelease=" Personal"
	OSVersion=" (Build 19045)"
	OSPlatform="AMD64"
	Is64Bits="1"
	VendorString="AuthenticAMD"
	VendorID="Advanced Micro Devices"
	FamilyID="15"
	ModelID="1"
	ProcessorCacheSize="64"
	NumberOfLogicalCPU="12"
	NumberOfPhysicalCPU="6"
	TotalVirtualMemory="23739"
	TotalPhysicalMemory="16315"
	LogicalProcessorsPerPhysical="2"
	ProcessorClockFrequency="3593"
	>
	<Testing>
		<StartDateTime>May 23 22:09 Europa de Est, or[NON-UTF-8-BYTE-0xE3] de var[NON-UTF-8-BYTE-0xE3]</StartDateTime>
		<StartTestTime>1716491371</StartTestTime>
		<TestList/>
		<EndDateTime>May 23 22:09 Europa de Est, or[NON-UTF-8-BYTE-0xE3] de var[NON-UTF-8-BYTE-0xE3]</EndDateTime>
		<EndTestTime>1716491371</EndTestTime>
		<ElapsedMinutes>0</ElapsedMinutes>
	</Testing>
</Site>
